CRITICAL - 2024-04-21 00:32:59 --> Error: Class "App\Controllers\Member\BaseController" not found
[Method: GET, Route: member/auth]
in APPPATH\Controllers\Member\Auth.php on line 5.
 1 SYSTEMPATH\Router\AutoRouter.php(147): include_once()
 2 SYSTEMPATH\Router\Router.php(562): CodeIgniter\Router\AutoRouter->getRoute('member/auth', 'GET')
 3 SYSTEMPATH\Router\Router.php(227): CodeIgniter\Router\Router->autoRoute('member/auth')
 4 SYSTEMPATH\CodeIgniter.php(834): CodeIgniter\Router\Router->handle('member/auth')
 5 SYSTEMPATH\CodeIgniter.php(457): CodeIgniter\CodeIgniter->tryToRouteIt(Object(CodeIgniter\Router\RouteCollection))
 6 SYSTEMPATH\CodeIgniter.php(355): CodeIgniter\CodeIgniter->handleRequest(null, Object(Config\Cache), false)
 7 SYSTEMPATH\Boot.php(312): CodeIgniter\CodeIgniter->run()
 8 SYSTEMPATH\Boot.php(67): CodeIgniter\Boot::runCodeIgniter(Object(CodeIgniter\CodeIgniter))
 9 FCPATH\index.php(56): CodeIgniter\Boot::bootWeb(Object(Config\Paths))
10 SYSTEMPATH\Commands\Server\rewrite.php(49): require_once('E:\\Project\\PHP Project\\freelance\\absence\\public\\index.php')
CRITICAL - 2024-04-21 00:42:21 --> CodeIgniter\View\Exceptions\ViewException: Invalid file: "welcome_message.php"
[Method: GET, Route: /]
in SYSTEMPATH\Exceptions\FrameworkException.php on line 41.
 1 SYSTEMPATH\View\View.php(222): CodeIgniter\Exceptions\FrameworkException::forInvalidFile('welcome_message.php')
 2 SYSTEMPATH\Common.php(1171): CodeIgniter\View\View->render('welcome_message', [], true)
 3 APPPATH\Controllers\Home.php(9): view('welcome_message')
 4 SYSTEMPATH\CodeIgniter.php(933): App\Controllers\Home->index()
 5 SYSTEMPATH\CodeIgniter.php(509): CodeIgniter\CodeIgniter->runController(Object(App\Controllers\Home))
 6 SYSTEMPATH\CodeIgniter.php(355): CodeIgniter\CodeIgniter->handleRequest(null, Object(Config\Cache), false)
 7 SYSTEMPATH\Boot.php(312): CodeIgniter\CodeIgniter->run()
 8 SYSTEMPATH\Boot.php(67): CodeIgniter\Boot::runCodeIgniter(Object(CodeIgniter\CodeIgniter))
 9 FCPATH\index.php(56): CodeIgniter\Boot::bootWeb(Object(Config\Paths))
10 SYSTEMPATH\Commands\Server\rewrite.php(49): require_once('E:\\Project\\PHP Project\\freelance\\absence\\public\\index.php')
CRITICAL - 2024-04-21 01:03:51 --> CodeIgniter\View\Exceptions\ViewException: Invalid file: "welcome_message.php"
[Method: GET, Route: /]
in SYSTEMPATH\Exceptions\FrameworkException.php on line 41.
 1 SYSTEMPATH\View\View.php(222): CodeIgniter\Exceptions\FrameworkException::forInvalidFile('welcome_message.php')
 2 SYSTEMPATH\Common.php(1171): CodeIgniter\View\View->render('welcome_message', [], true)
 3 APPPATH\Controllers\Home.php(9): view('welcome_message')
 4 SYSTEMPATH\CodeIgniter.php(933): App\Controllers\Home->index()
 5 SYSTEMPATH\CodeIgniter.php(509): CodeIgniter\CodeIgniter->runController(Object(App\Controllers\Home))
 6 SYSTEMPATH\CodeIgniter.php(355): CodeIgniter\CodeIgniter->handleRequest(null, Object(Config\Cache), false)
 7 SYSTEMPATH\Boot.php(312): CodeIgniter\CodeIgniter->run()
 8 SYSTEMPATH\Boot.php(67): CodeIgniter\Boot::runCodeIgniter(Object(CodeIgniter\CodeIgniter))
 9 FCPATH\index.php(56): CodeIgniter\Boot::bootWeb(Object(Config\Paths))
10 SYSTEMPATH\Commands\Server\rewrite.php(49): require_once('E:\\Project\\PHP Project\\freelance\\absence\\public\\index.php')
CRITICAL - 2024-04-21 01:05:27 --> CodeIgniter\View\Exceptions\ViewException: Invalid file: "welcome_message.php"
[Method: GET, Route: /]
in SYSTEMPATH\Exceptions\FrameworkException.php on line 41.
 1 SYSTEMPATH\View\View.php(222): CodeIgniter\Exceptions\FrameworkException::forInvalidFile('welcome_message.php')
 2 SYSTEMPATH\Common.php(1171): CodeIgniter\View\View->render('welcome_message', [], true)
 3 APPPATH\Controllers\Home.php(9): view('welcome_message')
 4 SYSTEMPATH\CodeIgniter.php(933): App\Controllers\Home->index()
 5 SYSTEMPATH\CodeIgniter.php(509): CodeIgniter\CodeIgniter->runController(Object(App\Controllers\Home))
 6 SYSTEMPATH\CodeIgniter.php(355): CodeIgniter\CodeIgniter->handleRequest(null, Object(Config\Cache), false)
 7 SYSTEMPATH\Boot.php(312): CodeIgniter\CodeIgniter->run()
 8 SYSTEMPATH\Boot.php(67): CodeIgniter\Boot::runCodeIgniter(Object(CodeIgniter\CodeIgniter))
 9 FCPATH\index.php(56): CodeIgniter\Boot::bootWeb(Object(Config\Paths))
10 SYSTEMPATH\Commands\Server\rewrite.php(49): require_once('E:\\Project\\PHP Project\\freelance\\absence\\public\\index.php')
CRITICAL - 2024-04-21 03:12:21 --> ErrorException: Undefined variable $breadcrumb
[Method: GET, Route: member/dashboard]
in APPPATH\Views\member\dashboardView.php on line 29.
 1 APPPATH\Views\member\dashboardView.php(29): CodeIgniter\Debug\Exceptions->errorHandler(2, 'Undefined variable $breadcrumb', 'E:\\Project\\PHP Project\\freelance\\absence\\app\\Views\\member\\dashboardView.php', 29)
 2 SYSTEMPATH\View\View.php(234): include('E:\\Project\\PHP Project\\freelance\\absence\\app\\Views\\member\\dashboardView.php')
 3 SYSTEMPATH\View\View.php(237): CodeIgniter\View\View->CodeIgniter\View\{closure}()
 4 SYSTEMPATH\Common.php(1171): CodeIgniter\View\View->render('member/dashboardView', [], true)
 5 APPPATH\Controllers\Member\Dashboard.php(17): view('member/dashboardView', [...])
 6 SYSTEMPATH\CodeIgniter.php(933): App\Controllers\Member\Dashboard->index()
 7 SYSTEMPATH\CodeIgniter.php(509): CodeIgniter\CodeIgniter->runController(Object(App\Controllers\Member\Dashboard))
 8 SYSTEMPATH\CodeIgniter.php(355): CodeIgniter\CodeIgniter->handleRequest(null, Object(Config\Cache), false)
 9 SYSTEMPATH\Boot.php(312): CodeIgniter\CodeIgniter->run()
10 SYSTEMPATH\Boot.php(67): CodeIgniter\Boot::runCodeIgniter(Object(CodeIgniter\CodeIgniter))
11 FCPATH\index.php(56): CodeIgniter\Boot::bootWeb(Object(Config\Paths))
12 SYSTEMPATH\Commands\Server\rewrite.php(49): require_once('E:\\Project\\PHP Project\\freelance\\absence\\public\\index.php')
CRITICAL - 2024-04-21 03:12:36 --> ErrorException: Undefined variable $breadcrumbs
[Method: GET, Route: member/dashboard]
in APPPATH\Views\member\dashboardView.php on line 29.
 1 APPPATH\Views\member\dashboardView.php(29): CodeIgniter\Debug\Exceptions->errorHandler(2, 'Undefined variable $breadcrumbs', 'E:\\Project\\PHP Project\\freelance\\absence\\app\\Views\\member\\dashboardView.php', 29)
 2 SYSTEMPATH\View\View.php(234): include('E:\\Project\\PHP Project\\freelance\\absence\\app\\Views\\member\\dashboardView.php')
 3 SYSTEMPATH\View\View.php(237): CodeIgniter\View\View->CodeIgniter\View\{closure}()
 4 SYSTEMPATH\Common.php(1171): CodeIgniter\View\View->render('member/dashboardView', [], true)
 5 APPPATH\Controllers\Member\Dashboard.php(17): view('member/dashboardView', [...])
 6 SYSTEMPATH\CodeIgniter.php(933): App\Controllers\Member\Dashboard->index()
 7 SYSTEMPATH\CodeIgniter.php(509): CodeIgniter\CodeIgniter->runController(Object(App\Controllers\Member\Dashboard))
 8 SYSTEMPATH\CodeIgniter.php(355): CodeIgniter\CodeIgniter->handleRequest(null, Object(Config\Cache), false)
 9 SYSTEMPATH\Boot.php(312): CodeIgniter\CodeIgniter->run()
10 SYSTEMPATH\Boot.php(67): CodeIgniter\Boot::runCodeIgniter(Object(CodeIgniter\CodeIgniter))
11 FCPATH\index.php(56): CodeIgniter\Boot::bootWeb(Object(Config\Paths))
12 SYSTEMPATH\Commands\Server\rewrite.php(49): require_once('E:\\Project\\PHP Project\\freelance\\absence\\public\\index.php')
CRITICAL - 2024-04-21 03:12:41 --> ErrorException: Undefined variable $data
[Method: GET, Route: member/dashboard]
in APPPATH\Views\member\dashboardView.php on line 29.
 1 APPPATH\Views\member\dashboardView.php(29): CodeIgniter\Debug\Exceptions->errorHandler(2, 'Undefined variable $data', 'E:\\Project\\PHP Project\\freelance\\absence\\app\\Views\\member\\dashboardView.php', 29)
 2 SYSTEMPATH\View\View.php(234): include('E:\\Project\\PHP Project\\freelance\\absence\\app\\Views\\member\\dashboardView.php')
 3 SYSTEMPATH\View\View.php(237): CodeIgniter\View\View->CodeIgniter\View\{closure}()
 4 SYSTEMPATH\Common.php(1171): CodeIgniter\View\View->render('member/dashboardView', [], true)
 5 APPPATH\Controllers\Member\Dashboard.php(17): view('member/dashboardView', [...])
 6 SYSTEMPATH\CodeIgniter.php(933): App\Controllers\Member\Dashboard->index()
 7 SYSTEMPATH\CodeIgniter.php(509): CodeIgniter\CodeIgniter->runController(Object(App\Controllers\Member\Dashboard))
 8 SYSTEMPATH\CodeIgniter.php(355): CodeIgniter\CodeIgniter->handleRequest(null, Object(Config\Cache), false)
 9 SYSTEMPATH\Boot.php(312): CodeIgniter\CodeIgniter->run()
10 SYSTEMPATH\Boot.php(67): CodeIgniter\Boot::runCodeIgniter(Object(CodeIgniter\CodeIgniter))
11 FCPATH\index.php(56): CodeIgniter\Boot::bootWeb(Object(Config\Paths))
12 SYSTEMPATH\Commands\Server\rewrite.php(49): require_once('E:\\Project\\PHP Project\\freelance\\absence\\public\\index.php')
CRITICAL - 2024-04-21 03:12:44 --> ErrorException: Undefined variable $breadcrumb
[Method: GET, Route: member/dashboard]
in APPPATH\Views\member\dashboardView.php on line 29.
 1 APPPATH\Views\member\dashboardView.php(29): CodeIgniter\Debug\Exceptions->errorHandler(2, 'Undefined variable $breadcrumb', 'E:\\Project\\PHP Project\\freelance\\absence\\app\\Views\\member\\dashboardView.php', 29)
 2 SYSTEMPATH\View\View.php(234): include('E:\\Project\\PHP Project\\freelance\\absence\\app\\Views\\member\\dashboardView.php')
 3 SYSTEMPATH\View\View.php(237): CodeIgniter\View\View->CodeIgniter\View\{closure}()
 4 SYSTEMPATH\Common.php(1171): CodeIgniter\View\View->render('member/dashboardView', [], true)
 5 APPPATH\Controllers\Member\Dashboard.php(17): view('member/dashboardView', [...])
 6 SYSTEMPATH\CodeIgniter.php(933): App\Controllers\Member\Dashboard->index()
 7 SYSTEMPATH\CodeIgniter.php(509): CodeIgniter\CodeIgniter->runController(Object(App\Controllers\Member\Dashboard))
 8 SYSTEMPATH\CodeIgniter.php(355): CodeIgniter\CodeIgniter->handleRequest(null, Object(Config\Cache), false)
 9 SYSTEMPATH\Boot.php(312): CodeIgniter\CodeIgniter->run()
10 SYSTEMPATH\Boot.php(67): CodeIgniter\Boot::runCodeIgniter(Object(CodeIgniter\CodeIgniter))
11 FCPATH\index.php(56): CodeIgniter\Boot::bootWeb(Object(Config\Paths))
12 SYSTEMPATH\Commands\Server\rewrite.php(49): require_once('E:\\Project\\PHP Project\\freelance\\absence\\public\\index.php')
CRITICAL - 2024-04-21 03:14:14 --> ErrorException: Undefined variable $breadcumbs
[Method: GET, Route: member/absence]
in APPPATH\Views\templates\header.php on line 16.
 1 APPPATH\Views\templates\header.php(16): CodeIgniter\Debug\Exceptions->errorHandler(2, 'Undefined variable $breadcumbs', 'E:\\Project\\PHP Project\\freelance\\absence\\app\\Views\\templates\\header.php', 16)
 2 SYSTEMPATH\View\View.php(234): include('E:\\Project\\PHP Project\\freelance\\absence\\app\\Views\\templates\\header.php')
 3 SYSTEMPATH\View\View.php(237): CodeIgniter\View\View->CodeIgniter\View\{closure}()
 4 SYSTEMPATH\View\View.php(484): CodeIgniter\View\View->render('templates/header', null, true)
 5 APPPATH\Views\templates\main.php(22): CodeIgniter\View\View->include('templates/header')
 6 SYSTEMPATH\View\View.php(234): include('E:\\Project\\PHP Project\\freelance\\absence\\app\\Views\\templates\\main.php')
 7 SYSTEMPATH\View\View.php(237): CodeIgniter\View\View->CodeIgniter\View\{closure}()
 8 SYSTEMPATH\View\View.php(484): CodeIgniter\View\View->render('templates/main', null, true)
 9 APPPATH\Views\member\absenceTakeView.php(128): CodeIgniter\View\View->include('templates/main')
10 SYSTEMPATH\View\View.php(234): include('E:\\Project\\PHP Project\\freelance\\absence\\app\\Views\\member\\absenceTakeView.php')
11 SYSTEMPATH\View\View.php(237): CodeIgniter\View\View->CodeIgniter\View\{closure}()
12 SYSTEMPATH\Common.php(1171): CodeIgniter\View\View->render('member/absenceTakeView', [], true)
13 APPPATH\Controllers\Member\Absence.php(12): view('member/absenceTakeView')
14 SYSTEMPATH\CodeIgniter.php(933): App\Controllers\Member\Absence->index()
15 SYSTEMPATH\CodeIgniter.php(509): CodeIgniter\CodeIgniter->runController(Object(App\Controllers\Member\Absence))
16 SYSTEMPATH\CodeIgniter.php(355): CodeIgniter\CodeIgniter->handleRequest(null, Object(Config\Cache), false)
17 SYSTEMPATH\Boot.php(312): CodeIgniter\CodeIgniter->run()
18 SYSTEMPATH\Boot.php(67): CodeIgniter\Boot::runCodeIgniter(Object(CodeIgniter\CodeIgniter))
19 FCPATH\index.php(56): CodeIgniter\Boot::bootWeb(Object(Config\Paths))
20 SYSTEMPATH\Commands\Server\rewrite.php(49): require_once('E:\\Project\\PHP Project\\freelance\\absence\\public\\index.php')
CRITICAL - 2024-04-21 03:14:17 --> ErrorException: Undefined variable $breadcumbs
[Method: GET, Route: member/absence/report]
in APPPATH\Views\templates\header.php on line 16.
 1 APPPATH\Views\templates\header.php(16): CodeIgniter\Debug\Exceptions->errorHandler(2, 'Undefined variable $breadcumbs', 'E:\\Project\\PHP Project\\freelance\\absence\\app\\Views\\templates\\header.php', 16)
 2 SYSTEMPATH\View\View.php(234): include('E:\\Project\\PHP Project\\freelance\\absence\\app\\Views\\templates\\header.php')
 3 SYSTEMPATH\View\View.php(237): CodeIgniter\View\View->CodeIgniter\View\{closure}()
 4 SYSTEMPATH\View\View.php(484): CodeIgniter\View\View->render('templates/header', null, true)
 5 APPPATH\Views\templates\main.php(22): CodeIgniter\View\View->include('templates/header')
 6 SYSTEMPATH\View\View.php(234): include('E:\\Project\\PHP Project\\freelance\\absence\\app\\Views\\templates\\main.php')
 7 SYSTEMPATH\View\View.php(237): CodeIgniter\View\View->CodeIgniter\View\{closure}()
 8 SYSTEMPATH\View\View.php(484): CodeIgniter\View\View->render('templates/main', null, true)
 9 APPPATH\Views\member\absenceReportView.php(115): CodeIgniter\View\View->include('templates/main')
10 SYSTEMPATH\View\View.php(234): include('E:\\Project\\PHP Project\\freelance\\absence\\app\\Views\\member\\absenceReportView.php')
11 SYSTEMPATH\View\View.php(237): CodeIgniter\View\View->CodeIgniter\View\{closure}()
12 SYSTEMPATH\Common.php(1171): CodeIgniter\View\View->render('member/absenceReportView', [], true)
13 APPPATH\Controllers\Member\Absence.php(17): view('member/absenceReportView')
14 SYSTEMPATH\CodeIgniter.php(933): App\Controllers\Member\Absence->report()
15 SYSTEMPATH\CodeIgniter.php(509): CodeIgniter\CodeIgniter->runController(Object(App\Controllers\Member\Absence))
16 SYSTEMPATH\CodeIgniter.php(355): CodeIgniter\CodeIgniter->handleRequest(null, Object(Config\Cache), false)
17 SYSTEMPATH\Boot.php(312): CodeIgniter\CodeIgniter->run()
18 SYSTEMPATH\Boot.php(67): CodeIgniter\Boot::runCodeIgniter(Object(CodeIgniter\CodeIgniter))
19 FCPATH\index.php(56): CodeIgniter\Boot::bootWeb(Object(Config\Paths))
20 SYSTEMPATH\Commands\Server\rewrite.php(49): require_once('E:\\Project\\PHP Project\\freelance\\absence\\public\\index.php')
CRITICAL - 2024-04-21 03:14:36 --> ErrorException: Undefined variable $breadcumbs
[Method: GET, Route: member/absence]
in APPPATH\Views\templates\header.php on line 16.
 1 APPPATH\Views\templates\header.php(16): CodeIgniter\Debug\Exceptions->errorHandler(2, 'Undefined variable $breadcumbs', 'E:\\Project\\PHP Project\\freelance\\absence\\app\\Views\\templates\\header.php', 16)
 2 SYSTEMPATH\View\View.php(234): include('E:\\Project\\PHP Project\\freelance\\absence\\app\\Views\\templates\\header.php')
 3 SYSTEMPATH\View\View.php(237): CodeIgniter\View\View->CodeIgniter\View\{closure}()
 4 SYSTEMPATH\View\View.php(484): CodeIgniter\View\View->render('templates/header', null, true)
 5 APPPATH\Views\templates\main.php(22): CodeIgniter\View\View->include('templates/header')
 6 SYSTEMPATH\View\View.php(234): include('E:\\Project\\PHP Project\\freelance\\absence\\app\\Views\\templates\\main.php')
 7 SYSTEMPATH\View\View.php(237): CodeIgniter\View\View->CodeIgniter\View\{closure}()
 8 SYSTEMPATH\View\View.php(484): CodeIgniter\View\View->render('templates/main', null, true)
 9 APPPATH\Views\member\absenceTakeView.php(128): CodeIgniter\View\View->include('templates/main')
10 SYSTEMPATH\View\View.php(234): include('E:\\Project\\PHP Project\\freelance\\absence\\app\\Views\\member\\absenceTakeView.php')
11 SYSTEMPATH\View\View.php(237): CodeIgniter\View\View->CodeIgniter\View\{closure}()
12 SYSTEMPATH\Common.php(1171): CodeIgniter\View\View->render('member/absenceTakeView', [], true)
13 APPPATH\Controllers\Member\Absence.php(16): view('member/absenceTakeView')
14 SYSTEMPATH\CodeIgniter.php(933): App\Controllers\Member\Absence->index()
15 SYSTEMPATH\CodeIgniter.php(509): CodeIgniter\CodeIgniter->runController(Object(App\Controllers\Member\Absence))
16 SYSTEMPATH\CodeIgniter.php(355): CodeIgniter\CodeIgniter->handleRequest(null, Object(Config\Cache), false)
17 SYSTEMPATH\Boot.php(312): CodeIgniter\CodeIgniter->run()
18 SYSTEMPATH\Boot.php(67): CodeIgniter\Boot::runCodeIgniter(Object(CodeIgniter\CodeIgniter))
19 FCPATH\index.php(56): CodeIgniter\Boot::bootWeb(Object(Config\Paths))
20 SYSTEMPATH\Commands\Server\rewrite.php(49): require_once('E:\\Project\\PHP Project\\freelance\\absence\\public\\index.php')
CRITICAL - 2024-04-21 03:17:09 --> ParseError: syntax error, unexpected end of file
[Method: GET, Route: member/absence]
in APPPATH\Views\templates\header.php on line 50.
 1 SYSTEMPATH\View\View.php(237): CodeIgniter\View\View->CodeIgniter\View\{closure}()
 2 SYSTEMPATH\View\View.php(484): CodeIgniter\View\View->render('templates/header', null, true)
 3 APPPATH\Views\templates\main.php(22): CodeIgniter\View\View->include('templates/header')
 4 SYSTEMPATH\View\View.php(234): include('E:\\Project\\PHP Project\\freelance\\absence\\app\\Views\\templates\\main.php')
 5 SYSTEMPATH\View\View.php(237): CodeIgniter\View\View->CodeIgniter\View\{closure}()
 6 SYSTEMPATH\View\View.php(484): CodeIgniter\View\View->render('templates/main', null, true)
 7 APPPATH\Views\member\absenceTakeView.php(128): CodeIgniter\View\View->include('templates/main')
 8 SYSTEMPATH\View\View.php(234): include('E:\\Project\\PHP Project\\freelance\\absence\\app\\Views\\member\\absenceTakeView.php')
 9 SYSTEMPATH\View\View.php(237): CodeIgniter\View\View->CodeIgniter\View\{closure}()
10 SYSTEMPATH\Common.php(1171): CodeIgniter\View\View->render('member/absenceTakeView', [], true)
11 APPPATH\Controllers\Member\Absence.php(23): view('member/absenceTakeView', [...])
12 SYSTEMPATH\CodeIgniter.php(933): App\Controllers\Member\Absence->index()
13 SYSTEMPATH\CodeIgniter.php(509): CodeIgniter\CodeIgniter->runController(Object(App\Controllers\Member\Absence))
14 SYSTEMPATH\CodeIgniter.php(355): CodeIgniter\CodeIgniter->handleRequest(null, Object(Config\Cache), false)
15 SYSTEMPATH\Boot.php(312): CodeIgniter\CodeIgniter->run()
16 SYSTEMPATH\Boot.php(67): CodeIgniter\Boot::runCodeIgniter(Object(CodeIgniter\CodeIgniter))
17 FCPATH\index.php(56): CodeIgniter\Boot::bootWeb(Object(Config\Paths))
18 SYSTEMPATH\Commands\Server\rewrite.php(49): require_once('E:\\Project\\PHP Project\\freelance\\absence\\public\\index.php')
CRITICAL - 2024-04-21 03:17:19 --> ErrorException: Undefined variable $breadcumbs
[Method: GET, Route: member/absence/report]
in APPPATH\Views\templates\header.php on line 19.
 1 APPPATH\Views\templates\header.php(19): CodeIgniter\Debug\Exceptions->errorHandler(2, 'Undefined variable $breadcumbs', 'E:\\Project\\PHP Project\\freelance\\absence\\app\\Views\\templates\\header.php', 19)
 2 SYSTEMPATH\View\View.php(234): include('E:\\Project\\PHP Project\\freelance\\absence\\app\\Views\\templates\\header.php')
 3 SYSTEMPATH\View\View.php(237): CodeIgniter\View\View->CodeIgniter\View\{closure}()
 4 SYSTEMPATH\View\View.php(484): CodeIgniter\View\View->render('templates/header', null, true)
 5 APPPATH\Views\templates\main.php(22): CodeIgniter\View\View->include('templates/header')
 6 SYSTEMPATH\View\View.php(234): include('E:\\Project\\PHP Project\\freelance\\absence\\app\\Views\\templates\\main.php')
 7 SYSTEMPATH\View\View.php(237): CodeIgniter\View\View->CodeIgniter\View\{closure}()
 8 SYSTEMPATH\View\View.php(484): CodeIgniter\View\View->render('templates/main', null, true)
 9 APPPATH\Views\member\absenceReportView.php(115): CodeIgniter\View\View->include('templates/main')
10 SYSTEMPATH\View\View.php(234): include('E:\\Project\\PHP Project\\freelance\\absence\\app\\Views\\member\\absenceReportView.php')
11 SYSTEMPATH\View\View.php(237): CodeIgniter\View\View->CodeIgniter\View\{closure}()
12 SYSTEMPATH\Common.php(1171): CodeIgniter\View\View->render('member/absenceReportView', [], true)
13 APPPATH\Controllers\Member\Absence.php(30): view('member/absenceReportView')
14 SYSTEMPATH\CodeIgniter.php(933): App\Controllers\Member\Absence->report()
15 SYSTEMPATH\CodeIgniter.php(509): CodeIgniter\CodeIgniter->runController(Object(App\Controllers\Member\Absence))
16 SYSTEMPATH\CodeIgniter.php(355): CodeIgniter\CodeIgniter->handleRequest(null, Object(Config\Cache), false)
17 SYSTEMPATH\Boot.php(312): CodeIgniter\CodeIgniter->run()
18 SYSTEMPATH\Boot.php(67): CodeIgniter\Boot::runCodeIgniter(Object(CodeIgniter\CodeIgniter))
19 FCPATH\index.php(56): CodeIgniter\Boot::bootWeb(Object(Config\Paths))
20 SYSTEMPATH\Commands\Server\rewrite.php(49): require_once('E:\\Project\\PHP Project\\freelance\\absence\\public\\index.php')
CRITICAL - 2024-04-21 03:18:02 --> TypeError: Cannot access offset of type string on string
[Method: GET, Route: member/dashboard]
in APPPATH\Views\templates\header.php on line 20.
 1 SYSTEMPATH\View\View.php(234): include()
 2 SYSTEMPATH\View\View.php(237): CodeIgniter\View\View->CodeIgniter\View\{closure}()
 3 SYSTEMPATH\View\View.php(484): CodeIgniter\View\View->render('templates/header', null, true)
 4 APPPATH\Views\templates\main.php(22): CodeIgniter\View\View->include('templates/header')
 5 SYSTEMPATH\View\View.php(234): include('E:\\Project\\PHP Project\\freelance\\absence\\app\\Views\\templates\\main.php')
 6 SYSTEMPATH\View\View.php(237): CodeIgniter\View\View->CodeIgniter\View\{closure}()
 7 SYSTEMPATH\View\View.php(484): CodeIgniter\View\View->render('templates/main', null, true)
 8 APPPATH\Views\member\dashboardView.php(121): CodeIgniter\View\View->include('templates/main')
 9 SYSTEMPATH\View\View.php(234): include('E:\\Project\\PHP Project\\freelance\\absence\\app\\Views\\member\\dashboardView.php')
10 SYSTEMPATH\View\View.php(237): CodeIgniter\View\View->CodeIgniter\View\{closure}()
11 SYSTEMPATH\Common.php(1171): CodeIgniter\View\View->render('member/dashboardView', [], true)
12 APPPATH\Controllers\Member\Dashboard.php(17): view('member/dashboardView', [...])
13 SYSTEMPATH\CodeIgniter.php(933): App\Controllers\Member\Dashboard->index()
14 SYSTEMPATH\CodeIgniter.php(509): CodeIgniter\CodeIgniter->runController(Object(App\Controllers\Member\Dashboard))
15 SYSTEMPATH\CodeIgniter.php(355): CodeIgniter\CodeIgniter->handleRequest(null, Object(Config\Cache), false)
16 SYSTEMPATH\Boot.php(312): CodeIgniter\CodeIgniter->run()
17 SYSTEMPATH\Boot.php(67): CodeIgniter\Boot::runCodeIgniter(Object(CodeIgniter\CodeIgniter))
18 FCPATH\index.php(56): CodeIgniter\Boot::bootWeb(Object(Config\Paths))
19 SYSTEMPATH\Commands\Server\rewrite.php(49): require_once('E:\\Project\\PHP Project\\freelance\\absence\\public\\index.php')
CRITICAL - 2024-04-21 03:18:47 --> TypeError: Cannot access offset of type string on string
[Method: GET, Route: member/dashboard]
in APPPATH\Views\templates\header.php on line 20.
 1 SYSTEMPATH\View\View.php(234): include()
 2 SYSTEMPATH\View\View.php(237): CodeIgniter\View\View->CodeIgniter\View\{closure}()
 3 SYSTEMPATH\View\View.php(484): CodeIgniter\View\View->render('templates/header', null, true)
 4 APPPATH\Views\templates\main.php(22): CodeIgniter\View\View->include('templates/header')
 5 SYSTEMPATH\View\View.php(234): include('E:\\Project\\PHP Project\\freelance\\absence\\app\\Views\\templates\\main.php')
 6 SYSTEMPATH\View\View.php(237): CodeIgniter\View\View->CodeIgniter\View\{closure}()
 7 SYSTEMPATH\View\View.php(484): CodeIgniter\View\View->render('templates/main', null, true)
 8 APPPATH\Views\member\dashboardView.php(121): CodeIgniter\View\View->include('templates/main')
 9 SYSTEMPATH\View\View.php(234): include('E:\\Project\\PHP Project\\freelance\\absence\\app\\Views\\member\\dashboardView.php')
10 SYSTEMPATH\View\View.php(237): CodeIgniter\View\View->CodeIgniter\View\{closure}()
11 SYSTEMPATH\Common.php(1171): CodeIgniter\View\View->render('member/dashboardView', [], true)
12 APPPATH\Controllers\Member\Dashboard.php(17): view('member/dashboardView', [...])
13 SYSTEMPATH\CodeIgniter.php(933): App\Controllers\Member\Dashboard->index()
14 SYSTEMPATH\CodeIgniter.php(509): CodeIgniter\CodeIgniter->runController(Object(App\Controllers\Member\Dashboard))
15 SYSTEMPATH\CodeIgniter.php(355): CodeIgniter\CodeIgniter->handleRequest(null, Object(Config\Cache), false)
16 SYSTEMPATH\Boot.php(312): CodeIgniter\CodeIgniter->run()
17 SYSTEMPATH\Boot.php(67): CodeIgniter\Boot::runCodeIgniter(Object(CodeIgniter\CodeIgniter))
18 FCPATH\index.php(56): CodeIgniter\Boot::bootWeb(Object(Config\Paths))
19 SYSTEMPATH\Commands\Server\rewrite.php(49): require_once('E:\\Project\\PHP Project\\freelance\\absence\\public\\index.php')
